[debug] [2025-07-08T19:18:36.613Z] ----------------------------------------------------------------------
[debug] [2025-07-08T19:18:36.618Z] Command:       /opt/homebrew/Cellar/node/23.7.0/bin/node /opt/homebrew/bin/firebase init hosting
[debug] [2025-07-08T19:18:36.618Z] CLI Version:   14.9.0
[debug] [2025-07-08T19:18:36.618Z] Platform:      darwin
[debug] [2025-07-08T19:18:36.618Z] Node Version:  v23.7.0
[debug] [2025-07-08T19:18:36.619Z] Time:          Wed Jul 09 2025 00:48:36 GMT+0530 (India Standard Time)
[debug] [2025-07-08T19:18:36.619Z] ----------------------------------------------------------------------
[debug] 
[debug] [2025-07-08T19:18:36.722Z] > command requires scopes: ["email","openid","https://www.googleapis.com/auth/cloudplatformprojects.readonly","https://www.googleapis.com/auth/firebase","https://www.googleapis.com/auth/cloud-platform"]
[debug] [2025-07-08T19:18:36.722Z] > authorizing via signed-in user (harshdeshmukh0905@gmail.com)
[info] 
     ######## #### ########  ######## ########     ###     ######  ########
     ##        ##  ##     ## ##       ##     ##  ##   ##  ##       ##
     ######    ##  ########  ######   ########  #########  ######  ######
     ##        ##  ##    ##  ##       ##     ## ##     ##       ## ##
     ##       #### ##     ## ######## ########  ##     ##  ######  ########

You're about to initialize a Firebase project in this directory:

  /Users/harshdeshmukh/Downloads/ui-generator

Before we get started, keep in mind:

  * You are initializing within an existing Firebase project directory

[info] 
=== Project Setup
[info] 
[info] First, let's associate this project directory with a Firebase project.
[info] You can create multiple project aliases by running firebase use --add, 
[info] but for now we'll just set up a default project.
[info] 
[debug] [2025-07-08T19:18:36.723Z] Using project from CLI flag: ui-generator-d7f03
[debug] [2025-07-08T19:18:36.724Z] Checked if tokens are valid: true, expires at: 1752005272560
[debug] [2025-07-08T19:18:36.724Z] Checked if tokens are valid: true, expires at: 1752005272560
[debug] [2025-07-08T19:18:36.724Z] >>> [apiv2][query] GET https://firebase.googleapis.com/v1beta1/projects/ui-generator-d7f03 [none]
[debug] [2025-07-08T19:18:37.153Z] <<< [apiv2][status] GET https://firebase.googleapis.com/v1beta1/projects/ui-generator-d7f03 200
[debug] [2025-07-08T19:18:37.153Z] <<< [apiv2][body] GET https://firebase.googleapis.com/v1beta1/projects/ui-generator-d7f03 {"projectId":"ui-generator-d7f03","projectNumber":"109565199399","displayName":"UI-Generator","name":"projects/ui-generator-d7f03","resources":{"hostingSite":"ui-generator-d7f03"},"state":"ACTIVE","etag":"1_ff1fdebb-a493-4a25-8f39-e8dde083e296"}
[info] i  Using project ui-generator-d7f03 (UI-Generator) 
[info] 
=== Hosting Setup
[debug] [2025-07-08T19:18:37.178Z] Checked if tokens are valid: true, expires at: 1752005272560
[debug] [2025-07-08T19:18:37.178Z] Checked if tokens are valid: true, expires at: 1752005272560
[debug] [2025-07-08T19:18:37.178Z] >>> [apiv2][query] GET https://firebase.googleapis.com/v1beta1/projects/ui-generator-d7f03 [none]
[debug] [2025-07-08T19:18:37.725Z] <<< [apiv2][status] GET https://firebase.googleapis.com/v1beta1/projects/ui-generator-d7f03 200
[debug] [2025-07-08T19:18:37.725Z] <<< [apiv2][body] GET https://firebase.googleapis.com/v1beta1/projects/ui-generator-d7f03 {"projectId":"ui-generator-d7f03","projectNumber":"109565199399","displayName":"UI-Generator","name":"projects/ui-generator-d7f03","resources":{"hostingSite":"ui-generator-d7f03"},"state":"ACTIVE","etag":"1_ff1fdebb-a493-4a25-8f39-e8dde083e296"}
[info] 
[info] Your public directory is the folder (relative to your project directory) that
[info] will contain Hosting assets to be uploaded with firebase deploy. If you
[info] have a build process for your assets, use your build's output directory.
[info] 
